2025-05-14 17:02:09.408 | INFO     | __main__:main:70 - Starting data preparation...
2025-05-14 17:02:09.408 | INFO     | __main__:read_raw_data:44 - READING: C:\Repo\store-smart-shelayne-smith\data\raw\customers_data.csv.
2025-05-14 17:02:09.418 | INFO     | __main__:process_data:59 - Processing data for customers_data.csv.
2025-05-14 17:02:09.418 | INFO     | __main__:process_data:60 - Data shape (ct of rows, ct of columns): (201, 4).
2025-05-14 17:02:09.419 | INFO     | __main__:process_data:61 - Data columns: ['CustomerID', 'Name', 'Region', 'JoinDate'].
2025-05-14 17:02:09.419 | INFO     | __main__:read_raw_data:44 - READING: C:\Repo\store-smart-shelayne-smith\data\raw\products_data.csv.
2025-05-14 17:02:09.422 | INFO     | __main__:process_data:59 - Processing data for products_data.csv.
2025-05-14 17:02:09.423 | INFO     | __main__:process_data:60 - Data shape (ct of rows, ct of columns): (100, 4).
2025-05-14 17:02:09.423 | INFO     | __main__:process_data:61 - Data columns: ['ProductID', 'ProductName', 'Category', 'UnitPrice'].
2025-05-14 17:02:09.424 | INFO     | __main__:read_raw_data:44 - READING: C:\Repo\store-smart-shelayne-smith\data\raw\sales_data.csv.
2025-05-14 17:02:09.434 | INFO     | __main__:process_data:59 - Processing data for sales_data.csv.
2025-05-14 17:02:09.435 | INFO     | __main__:process_data:60 - Data shape (ct of rows, ct of columns): (2001, 7).
2025-05-14 17:02:09.435 | INFO     | __main__:process_data:61 - Data columns: ['TransactionID', 'SaleDate', 'CustomerID', 'ProductID', 'StoreID', 'CampaignID', 'SaleAmount'].
2025-05-14 17:02:09.435 | INFO     | __main__:main:85 - Data preparation complete.
2025-05-15 15:47:17.739 | INFO     | __main__:main:70 - Starting data preparation...
2025-05-15 15:47:17.740 | INFO     | __main__:read_raw_data:44 - READING: C:\Repo\store-smart-shelayne-smith\data\raw\customers_data.csv.
2025-05-15 15:47:17.759 | INFO     | __main__:process_data:59 - Processing data for customers_data.csv.
2025-05-15 15:47:17.759 | INFO     | __main__:process_data:60 - Data shape (ct of rows, ct of columns): (201, 4).
2025-05-15 15:47:17.759 | INFO     | __main__:process_data:61 - Data columns: ['CustomerID', 'Name', 'Region', 'JoinDate'].
2025-05-15 15:47:17.759 | INFO     | __main__:read_raw_data:44 - READING: C:\Repo\store-smart-shelayne-smith\data\raw\products_data.csv.
2025-05-15 15:47:17.769 | INFO     | __main__:process_data:59 - Processing data for products_data.csv.
2025-05-15 15:47:17.769 | INFO     | __main__:process_data:60 - Data shape (ct of rows, ct of columns): (100, 4).
2025-05-15 15:47:17.769 | INFO     | __main__:process_data:61 - Data columns: ['ProductID', 'ProductName', 'Category', 'UnitPrice'].
2025-05-15 15:47:17.770 | INFO     | __main__:read_raw_data:44 - READING: C:\Repo\store-smart-shelayne-smith\data\raw\sales_data.csv.
2025-05-15 15:47:17.785 | INFO     | __main__:process_data:59 - Processing data for sales_data.csv.
2025-05-15 15:47:17.786 | INFO     | __main__:process_data:60 - Data shape (ct of rows, ct of columns): (2001, 7).
2025-05-15 15:47:17.787 | INFO     | __main__:process_data:61 - Data columns: ['TransactionID', 'SaleDate', 'CustomerID', 'ProductID', 'StoreID', 'CampaignID', 'SaleAmount'].
2025-05-15 15:47:17.787 | INFO     | __main__:main:85 - Data preparation complete.
